[2018-11-09 10:55:07.164] [sharedprocess] [info] main {"machineId":"0a77d0d3629be85618a4f8eeaba034ed833859fd1cbea7c8c32760e01c6d3eff"}
[2018-11-09 10:55:07.255] [sharedprocess] [info] Scanned user extensions: 10
[2018-11-09 10:55:07.288] [sharedprocess] [info] Scanned user extensions: 10
[2018-11-09 10:55:07.291] [sharedprocess] [info] Scanned user extensions: 10
[2018-11-09 10:55:07.407] [sharedprocess] [info] Deleted from disk dracula-theme.theme-dracula-2.14.1
[2018-11-09 10:55:07.651] [sharedprocess] [info] Scanned user extensions: 10
[2018-11-09 10:55:07.660] [sharedprocess] [info] Scanned system extensions: 71
[2018-11-09 10:55:07.679] [sharedprocess] [info] Scanned system extensions: 71
[2018-11-09 10:55:07.699] [sharedprocess] [info] Deleted from disk ms-python.python-2018.9.2
[2018-11-09 10:55:23.715] [sharedprocess] [info] Scanned user extensions: 10
[2018-11-09 10:55:23.716] [sharedprocess] [info] Scanned user extensions: 10
[2018-11-09 10:55:23.717] [sharedprocess] [info] Scanned user extensions: 10
[2018-11-09 10:55:23.781] [sharedprocess] [info] Scanned system extensions: 71
[2018-11-09 10:55:23.786] [sharedprocess] [info] Scanned system extensions: 71
[2018-11-09 10:55:23.868] [sharedprocess] [info] Scanned user extensions: 10
[2018-11-09 10:55:47.169] [sharedprocess] [info] Starting to clean up unused language packs.
[2018-11-09 10:57:17.294] [sharedprocess] [info] Scanned user extensions: 10
[2018-11-09 10:57:17.307] [sharedprocess] [info] Scanned user extensions: 10
[2018-11-09 10:57:17.313] [sharedprocess] [info] Scanned user extensions: 10
[2018-11-09 10:57:17.383] [sharedprocess] [info] Scanned system extensions: 71
[2018-11-09 10:57:17.389] [sharedprocess] [info] Scanned system extensions: 71
[2018-11-09 10:57:17.583] [sharedprocess] [info] Scanned user extensions: 10
[2018-11-09 11:02:17.612] [sharedprocess] [info] Scanned user extensions: 10
[2018-11-09 11:05:06.832] [sharedprocess] [info] Scanned user extensions: 10
[2018-11-09 11:05:06.845] [sharedprocess] [info] Scanned user extensions: 10
[2018-11-09 11:05:06.856] [sharedprocess] [info] Scanned user extensions: 10
[2018-11-09 11:05:06.931] [sharedprocess] [info] Scanned system extensions: 71
[2018-11-09 11:05:06.937] [sharedprocess] [info] Scanned system extensions: 71
[2018-11-09 11:05:07.260] [sharedprocess] [info] Scanned user extensions: 10
[2018-11-09 11:08:54.809] [sharedprocess] [info] Scanned user extensions: 10
[2018-11-09 11:08:54.816] [sharedprocess] [info] Scanned user extensions: 10
[2018-11-09 11:08:54.835] [sharedprocess] [info] Scanned user extensions: 10
[2018-11-09 11:08:54.932] [sharedprocess] [info] Scanned system extensions: 71
[2018-11-09 11:08:54.936] [sharedprocess] [info] Scanned system extensions: 71
[2018-11-09 11:08:55.200] [sharedprocess] [info] Scanned user extensions: 10
[2018-11-09 11:09:00.764] [sharedprocess] [info] Scanned user extensions: 10
[2018-11-09 11:09:00.794] [sharedprocess] [info] Scanned system extensions: 71
[2018-11-09 11:13:55.230] [sharedprocess] [info] Scanned user extensions: 10
[2018-11-09 11:14:26.094] [sharedprocess] [info] Scanned user extensions: 10
[2018-11-09 11:14:26.115] [sharedprocess] [info] Scanned user extensions: 10
[2018-11-09 11:14:26.138] [sharedprocess] [info] Scanned user extensions: 10
[2018-11-09 11:14:26.370] [sharedprocess] [info] Scanned system extensions: 71
[2018-11-09 11:14:26.383] [sharedprocess] [info] Scanned system extensions: 71
[2018-11-09 11:14:27.951] [sharedprocess] [info] Scanned user extensions: 10
[2018-11-09 11:19:27.992] [sharedprocess] [info] Scanned user extensions: 10
[2018-11-09 11:24:28.009] [sharedprocess] [info] Scanned user extensions: 10
[2018-11-09 11:28:50.523] [sharedprocess] [info] Scanned user extensions: 10
[2018-11-09 11:28:50.544] [sharedprocess] [info] Scanned system extensions: 71
[2018-11-09 11:29:28.026] [sharedprocess] [info] Scanned user extensions: 10
[2018-11-09 11:34:28.042] [sharedprocess] [info] Scanned user extensions: 10
[2018-11-09 11:39:28.058] [sharedprocess] [info] Scanned user extensions: 10
[2018-11-09 11:44:28.088] [sharedprocess] [info] Scanned user extensions: 10
[2018-11-09 11:49:28.124] [sharedprocess] [info] Scanned user extensions: 10
[2018-11-09 11:54:28.156] [sharedprocess] [info] Scanned user extensions: 10
[2018-11-09 11:59:28.187] [sharedprocess] [info] Scanned user extensions: 10
[2018-11-09 12:04:28.218] [sharedprocess] [info] Scanned user extensions: 10
[2018-11-09 12:09:28.244] [sharedprocess] [info] Scanned user extensions: 10
[2018-11-09 12:14:28.278] [sharedprocess] [info] Scanned user extensions: 10
[2018-11-09 12:19:28.313] [sharedprocess] [info] Scanned user extensions: 10
[2018-11-09 12:24:28.572] [sharedprocess] [info] Scanned user extensions: 10
[2018-11-09 12:29:28.583] [sharedprocess] [info] Scanned user extensions: 10
[2018-11-09 12:34:28.601] [sharedprocess] [info] Scanned user extensions: 10
[2018-11-09 12:39:28.618] [sharedprocess] [info] Scanned user extensions: 10
[2018-11-09 12:44:28.632] [sharedprocess] [info] Scanned user extensions: 10
[2018-11-09 12:49:28.656] [sharedprocess] [info] Scanned user extensions: 10
[2018-11-09 12:54:28.686] [sharedprocess] [info] Scanned user extensions: 10
[2018-11-09 12:59:28.704] [sharedprocess] [info] Scanned user extensions: 10
[2018-11-09 13:04:28.719] [sharedprocess] [info] Scanned user extensions: 10
[2018-11-09 13:09:28.738] [sharedprocess] [info] Scanned user extensions: 10
[2018-11-09 13:14:28.754] [sharedprocess] [info] Scanned user extensions: 10
[2018-11-09 13:19:28.767] [sharedprocess] [info] Scanned user extensions: 10
[2018-11-09 13:24:29.090] [sharedprocess] [info] Scanned user extensions: 10
[2018-11-09 13:29:29.103] [sharedprocess] [info] Scanned user extensions: 10
[2018-11-09 13:34:29.117] [sharedprocess] [info] Scanned user extensions: 10
[2018-11-09 13:39:29.138] [sharedprocess] [info] Scanned user extensions: 10
[2018-11-09 13:44:29.154] [sharedprocess] [info] Scanned user extensions: 10
[2018-11-09 13:49:29.167] [sharedprocess] [info] Scanned user extensions: 10
[2018-11-09 13:54:29.181] [sharedprocess] [info] Scanned user extensions: 10
[2018-11-09 13:59:29.195] [sharedprocess] [info] Scanned user extensions: 10
[2018-11-09 14:04:29.224] [sharedprocess] [info] Scanned user extensions: 10
[2018-11-09 14:09:29.259] [sharedprocess] [info] Scanned user extensions: 10
[2018-11-09 14:14:29.294] [sharedprocess] [info] Scanned user extensions: 10
[2018-11-09 14:19:29.316] [sharedprocess] [info] Scanned user extensions: 10
[2018-11-09 14:24:29.658] [sharedprocess] [info] Scanned user extensions: 10
[2018-11-09 14:29:29.676] [sharedprocess] [info] Scanned user extensions: 10
[2018-11-09 14:34:29.690] [sharedprocess] [info] Scanned user extensions: 10
[2018-11-09 14:39:29.706] [sharedprocess] [info] Scanned user extensions: 10
[2018-11-09 14:44:29.717] [sharedprocess] [info] Scanned user extensions: 10
[2018-11-09 14:49:29.736] [sharedprocess] [info] Scanned user extensions: 10
[2018-11-09 15:22:09.769] [sharedprocess] [info] Scanned user extensions: 10
[2018-11-09 15:27:09.787] [sharedprocess] [info] Scanned user extensions: 10
[2018-11-09 15:32:10.121] [sharedprocess] [info] Scanned user extensions: 10
[2018-11-09 15:37:10.150] [sharedprocess] [info] Scanned user extensions: 10
[2018-11-09 15:42:10.174] [sharedprocess] [info] Scanned user extensions: 10
[2018-11-09 15:47:10.192] [sharedprocess] [info] Scanned user extensions: 10
[2018-11-09 15:52:10.219] [sharedprocess] [info] Scanned user extensions: 10
[2018-11-09 15:57:10.784] [sharedprocess] [info] Scanned user extensions: 10
[2018-11-09 16:02:10.817] [sharedprocess] [info] Scanned user extensions: 10
[2018-11-09 16:07:10.845] [sharedprocess] [info] Scanned user extensions: 10
[2018-11-09 16:12:10.868] [sharedprocess] [info] Scanned user extensions: 10
[2018-11-09 16:17:10.909] [sharedprocess] [info] Scanned user extensions: 10
[2018-11-09 16:22:10.938] [sharedprocess] [info] Scanned user extensions: 10
[2018-11-09 16:27:10.953] [sharedprocess] [info] Scanned user extensions: 10
[2018-11-09 16:32:11.671] [sharedprocess] [info] Scanned user extensions: 10
[2018-11-09 16:37:11.687] [sharedprocess] [info] Scanned user extensions: 10
[2018-11-09 16:42:11.699] [sharedprocess] [info] Scanned user extensions: 10
[2018-11-09 16:42:50.269] [sharedprocess] [info] Scanned user extensions: 10
[2018-11-09 16:42:50.276] [sharedprocess] [info] Scanned user extensions: 10
[2018-11-09 16:42:50.313] [sharedprocess] [info] Scanned system extensions: 71
[2018-11-09 16:42:50.930] [sharedprocess] [info] Scanned user extensions: 10
[2018-11-09 16:43:05.600] [sharedprocess] [info] Scanned user extensions: 10
[2018-11-09 16:43:05.635] [sharedprocess] [info] Scanned system extensions: 71
[2018-11-09 16:47:50.958] [sharedprocess] [info] Scanned user extensions: 10
[2018-11-09 16:52:50.978] [sharedprocess] [info] Scanned user extensions: 10
[2018-11-09 16:57:51.006] [sharedprocess] [info] Scanned user extensions: 10
[2018-11-09 21:51:18.137] [sharedprocess] [info] Scanned user extensions: 10
[2018-11-09 21:56:18.150] [sharedprocess] [info] Scanned user extensions: 10
[2018-11-09 22:01:18.163] [sharedprocess] [info] Scanned user extensions: 10
[2018-11-09 22:06:18.727] [sharedprocess] [info] Scanned user extensions: 10
[2018-11-09 22:11:18.742] [sharedprocess] [info] Scanned user extensions: 10
[2018-11-09 22:16:18.756] [sharedprocess] [info] Scanned user extensions: 10
[2018-11-09 22:21:18.768] [sharedprocess] [info] Scanned user extensions: 10
[2018-11-10 05:45:42.973] [sharedprocess] [info] Scanned user extensions: 10
[2018-11-10 05:50:43.003] [sharedprocess] [info] Scanned user extensions: 10
[2018-11-10 05:55:43.042] [sharedprocess] [info] Scanned user extensions: 10
[2018-11-10 06:00:43.068] [sharedprocess] [info] Scanned user extensions: 10
[2018-11-10 06:05:43.082] [sharedprocess] [info] Scanned user extensions: 10
[2018-11-10 06:10:43.093] [sharedprocess] [info] Scanned user extensions: 10
[2018-11-10 06:15:43.103] [sharedprocess] [info] Scanned user extensions: 10
[2018-11-10 06:20:43.122] [sharedprocess] [info] Scanned user extensions: 10
[2018-11-10 06:25:43.140] [sharedprocess] [info] Scanned user extensions: 10
[2018-11-10 06:30:42.683] [sharedprocess] [info] Scanned user extensions: 10
[2018-11-10 06:35:42.696] [sharedprocess] [info] Scanned user extensions: 10
[2018-11-10 06:40:42.715] [sharedprocess] [info] Scanned user extensions: 10
[2018-11-10 06:45:43.087] [sharedprocess] [info] Scanned user extensions: 10
[2018-11-10 06:50:43.105] [sharedprocess] [info] Scanned user extensions: 10
[2018-11-10 06:55:43.118] [sharedprocess] [info] Scanned user extensions: 10
[2018-11-10 07:00:43.133] [sharedprocess] [info] Scanned user extensions: 10
[2018-11-10 07:05:43.578] [sharedprocess] [info] Scanned user extensions: 10
[2018-11-10 07:24:14.107] [sharedprocess] [info] Scanned user extensions: 10
[2018-11-10 07:29:14.123] [sharedprocess] [info] Scanned user extensions: 10
[2018-11-10 07:34:14.139] [sharedprocess] [info] Scanned user extensions: 10
[2018-11-10 07:39:14.156] [sharedprocess] [info] Scanned user extensions: 10
[2018-11-10 07:44:14.171] [sharedprocess] [info] Scanned user extensions: 10
[2018-11-10 07:49:14.527] [sharedprocess] [info] Scanned user extensions: 10
[2018-11-10 07:54:14.554] [sharedprocess] [info] Scanned user extensions: 10
[2018-11-10 07:59:14.601] [sharedprocess] [info] Scanned user extensions: 10
[2018-11-10 08:04:14.629] [sharedprocess] [info] Scanned user extensions: 10
[2018-11-10 08:09:14.658] [sharedprocess] [info] Scanned user extensions: 10
[2018-11-10 08:36:03.660] [sharedprocess] [info] Scanned user extensions: 10
[2018-11-10 08:41:03.691] [sharedprocess] [info] Scanned user extensions: 10
[2018-11-10 08:46:03.725] [sharedprocess] [info] Scanned user extensions: 10
[2018-11-10 08:51:04.212] [sharedprocess] [info] Scanned user extensions: 10
[2018-11-10 08:56:04.235] [sharedprocess] [info] Scanned user extensions: 10
