[Info  - 11:15:58 AM] Using tsserver from: /snap/vscode/64/usr/share/code/resources/app/extensions/node_modules/typescript/lib
[Info  - 11:15:58 AM] Forking TSServer
[Info  - 11:15:58 AM] Started TSServer
[Error  - 2:38:26 PM] 'signatureHelp' request failed with error.
Error processing request. Debug Failure. False expression: Impossible parameter parent kind
Verbose Debug Information: parent is: FunctionExpression, expected JSDocFunctionType
Error: Debug Failure. False expression: Impossible parameter parent kind
Verbose Debug Information: parent is: FunctionExpression, expected JSDocFunctionType
    at getDeclarationName (/snap/vscode/64/usr/share/code/resources/app/extensions/node_modules/typescript/lib/tsserver.js:26774:30)
    at declareSymbol (/snap/vscode/64/usr/share/code/resources/app/extensions/node_modules/typescript/lib/tsserver.js:26795:78)
    at declareSymbolAndAddToSymbolTable (/snap/vscode/64/usr/share/code/resources/app/extensions/node_modules/typescript/lib/tsserver.js:27934:28)
    at bindParameter (/snap/vscode/64/usr/share/code/resources/app/extensions/node_modules/typescript/lib/tsserver.js:28982:17)
    at bindWorker (/snap/vscode/64/usr/share/code/resources/app/extensions/node_modules/typescript/lib/tsserver.js:28462:28)
    at bind (/snap/vscode/64/usr/share/code/resources/app/extensions/node_modules/typescript/lib/tsserver.js:28311:13)
    at bindEach (/snap/vscode/64/usr/share/code/resources/app/extensions/node_modules/typescript/lib/tsserver.js:27077:21)
    at visitNodes (/snap/vscode/64/usr/share/code/resources/app/extensions/node_modules/typescript/lib/tsserver.js:15847:24)
    at Object.forEachChild (/snap/vscode/64/usr/share/code/resources/app/extensions/node_modules/typescript/lib/tsserver.js:15969:21)
    at bindEachChild (/snap/vscode/64/usr/share/code/resources/app/extensions/node_modules/typescript/lib/tsserver.js:27085:16)
    at bindChildrenWorker (/snap/vscode/64/usr/share/code/resources/app/extensions/node_modules/typescript/lib/tsserver.js:27169:21)
    at bindChildren (/snap/vscode/64/usr/share/code/resources/app/extensions/node_modules/typescript/lib/tsserver.js:27055:17)
    at bindContainer (/snap/vscode/64/usr/share/code/resources/app/extensions/node_modules/typescript/lib/tsserver.js:27003:17)
    at bind (/snap/vscode/64/usr/share/code/resources/app/extensions/node_modules/typescript/lib/tsserver.js:28325:21)
    at visitNode (/snap/vscode/64/usr/share/code/resources/app/extensions/node_modules/typescript/lib/tsserver.js:15842:24)
    at Object.forEachChild (/snap/vscode/64/usr/share/code/resources/app/extensions/node_modules/typescript/lib/tsserver.js:15929:21)
    at bindEachChild (/snap/vscode/64/usr/share/code/resources/app/extensions/node_modules/typescript/lib/tsserver.js:27085:16)
    at bindChildrenWorker (/snap/vscode/64/usr/share/code/resources/app/extensions/node_modules/typescript/lib/tsserver.js:27169:21)
    at bindChildren (/snap/vscode/64/usr/share/code/resources/app/extensions/node_modules/typescript/lib/tsserver.js:27055:17)
    at bind (/snap/vscode/64/usr/share/code/resources/app/extensions/node_modules/typescript/lib/tsserver.js:28322:21)
    at bindEach (/snap/vscode/64/usr/share/code/resources/app/extensions/node_modules/typescript/lib/tsserver.js:27077:21)
    at visitNodes (/snap/vscode/64/usr/share/code/resources/app/extensions/node_modules/typescript/lib/tsserver.js:15847:24)
    at Object.forEachChild (/snap/vscode/64/usr/share/code/resources/app/extensions/node_modules/typescript/lib/tsserver.js:16020:24)
    at bindEachChild (/snap/vscode/64/usr/share/code/resources/app/extensions/node_modules/typescript/lib/tsserver.js:27085:16)
    at bindChildrenWorker (/snap/vscode/64/usr/share/code/resources/app/extensions/node_modules/typescript/lib/tsserver.js:27169:21)
    at bindChildren (/snap/vscode/64/usr/share/code/resources/app/extensions/node_modules/typescript/lib/tsserver.js:27055:17)
    at bindContainer (/snap/vscode/64/usr/share/code/resources/app/extensions/node_modules/typescript/lib/tsserver.js:27036:17)
    at bind (/snap/vscode/64/usr/share/code/resources/app/extensions/node_modules/typescript/lib/tsserver.js:28325:21)
    at bindEach (/snap/vscode/64/usr/share/code/resources/app/extensions/node_modules/typescript/lib/tsserver.js:27077:21)
    at visitNodes (/snap/vscode/64/usr/share/code/resources/app/extensions/node_modules/typescript/lib/tsserver.js:15847:24)
    at Object.forEachChild (/snap/vscode/64/usr/share/code/resources/app/extensions/node_modules/typescript/lib/tsserver.js:16031:21)
    at bindEachChild (/snap/vscode/64/usr/share/code/resources/app/extensions/node_modules/typescript/lib/tsserver.js:27085:16)
    at bindCallExpressionFlow (/snap/vscode/64/usr/share/code/resources/app/extensions/node_modules/typescript/lib/tsserver.js:27798:17)
    at bindChildrenWorker (/snap/vscode/64/usr/share/code/resources/app/extensions/node_modules/typescript/lib/tsserver.js:27152:21)
    at bindChildren (/snap/vscode/64/usr/share/code/resources/app/extensions/node_modules/typescript/lib/tsserver.js:27055:17)
    at bind (/snap/vscode/64/usr/share/code/resources/app/extensions/node_modules/typescript/lib/tsserver.js:28322:21)
    at visitNode (/snap/vscode/64/usr/share/code/resources/app/extensions/node_modules/typescript/lib/tsserver.js:15842:24)
    at Object.forEachChild (/snap/vscode/64/usr/share/code/resources/app/extensions/node_modules/typescript/lib/tsserver.js:15936:21)
    at bindEachChild (/snap/vscode/64/usr/share/code/resources/app/extensions/node_modules/typescript/lib/tsserver.js:27085:16)
    at bindVariableDeclarationFlow (/snap/vscode/64/usr/share/code/resources/app/extensions/node_modules/typescript/lib/tsserver.js:27774:13)
    at bindChildrenWorker (/snap/vscode/64/usr/share/code/resources/app/extensions/node_modules/typescript/lib/tsserver.js:27149:21)
    at bindChildren (/snap/vscode/64/usr/share/code/resources/app/extensions/node_modules/typescript/lib/tsserver.js:27055:17)
    at bind (/snap/vscode/64/usr/share/code/resources/app/extensions/node_modules/typescript/lib/tsserver.js:28322:21)
    at bindEach (/snap/vscode/64/usr/share/code/resources/app/extensions/node_modules/typescript/lib/tsserver.js:27077:21)
    at visitNodes (/snap/vscode/64/usr/share/code/resources/app/extensions/node_modules/typescript/lib/tsserver.js:15847:24)
    at Object.forEachChild (/snap/vscode/64/usr/share/code/resources/app/extensions/node_modules/typescript/lib/tsserver.js:16086:24)
    at bindEachChild (/snap/vscode/64/usr/share/code/resources/app/extensions/node_modules/typescript/lib/tsserver.js:27085:16)
    at bindChildrenWorker (/snap/vscode/64/usr/share/code/resources/app/extensions/node_modules/typescript/lib/tsserver.js:27169:21)
    at bindChildren (/snap/vscode/64/usr/share/code/resources/app/extensions/node_modules/typescript/lib/tsserver.js:27055:17)
    at bind (/snap/vscode/64/usr/share/code/resources/app/extensions/node_modules/typescript/lib/tsserver.js:28322:21)
    at visitNode (/snap/vscode/64/usr/share/code/resources/app/extensions/node_modules/typescript/lib/tsserver.js:15842:24)
    at Object.forEachChild (/snap/vscode/64/usr/share/code/resources/app/extensions/node_modules/typescript/lib/tsserver.js:16084:21)
    at bindEachChild (/snap/vscode/64/usr/share/code/resources/app/extensions/node_modules/typescript/lib/tsserver.js:27085:16)
    at bindChildrenWorker (/snap/vscode/64/usr/share/code/resources/app/extensions/node_modules/typescript/lib/tsserver.js:27169:21)
    at bindChildren (/snap/vscode/64/usr/share/code/resources/app/extensions/node_modules/typescript/lib/tsserver.js:27055:17)
    at bind (/snap/vscode/64/usr/share/code/resources/app/extensions/node_modules/typescript/lib/tsserver.js:28322:21)
    at /snap/vscode/64/usr/share/code/resources/app/extensions/node_modules/typescript/lib/tsserver.js:27061:94
    at bindEach (/snap/vscode/64/usr/share/code/resources/app/extensions/node_modules/typescript/lib/tsserver.js:27077:21)
    at bindEachFunctionsFirst (/snap/vscode/64/usr/share/code/resources/app/extensions/node_modules/typescript/lib/tsserver.js:27061:13)
    at bindChildrenWorker (/snap/vscode/64/usr/share/code/resources/app/extensions/node_modules/typescript/lib/tsserver.js:27166:21)
    at bindChildren (/snap/vscode/64/usr/share/code/resources/app/extensions/node_modules/typescript/lib/tsserver.js:27055:17)
    at bind (/snap/vscode/64/usr/share/code/resources/app/extensions/node_modules/typescript/lib/tsserver.js:28322:21)
    at visitNode (/snap/vscode/64/usr/share/code/resources/app/extensions/node_modules/typescript/lib/tsserver.js:15842:24)
    at Object.forEachChild (/snap/vscode/64/usr/share/code/resources/app/extensions/node_modules/typescript/lib/tsserver.js:15972:21)
    at bindEachChild (/snap/vscode/64/usr/share/code/resources/app/extensions/node_modules/typescript/lib/tsserver.js:27085:16)
    at bindChildrenWorker (/snap/vscode/64/usr/share/code/resources/app/extensions/node_modules/typescript/lib/tsserver.js:27169:21)
    at bindChildren (/snap/vscode/64/usr/share/code/resources/app/extensions/node_modules/typescript/lib/tsserver.js:27055:17)
    at bindContainer (/snap/vscode/64/usr/share/code/resources/app/extensions/node_modules/typescript/lib/tsserver.js:27003:17)
    at bind (/snap/vscode/64/usr/share/code/resources/app/extensions/node_modules/typescript/lib/tsserver.js:28325:21)
    at bindEach (/snap/vscode/64/usr/share/code/resources/app/extensions/node_modules/typescript/lib/tsserver.js:27077:21)
    at visitNodes (/snap/vscode/64/usr/share/code/resources/app/extensions/node_modules/typescript/lib/tsserver.js:15847:24)
    at Object.forEachChild (/snap/vscode/64/usr/share/code/resources/app/extensions/node_modules/typescript/lib/tsserver.js:16031:21)
    at bindEachChild (/snap/vscode/64/usr/share/code/resources/app/extensions/node_modules/typescript/lib/tsserver.js:27085:16)
    at bindCallExpressionFlow (/snap/vscode/64/usr/share/code/resources/app/extensions/node_modules/typescript/lib/tsserver.js:27798:17)
    at bindChildrenWorker (/snap/vscode/64/usr/share/code/resources/app/extensions/node_modules/typescript/lib/tsserver.js:27152:21)
    at bindChildren (/snap/vscode/64/usr/share/code/resources/app/extensions/node_modules/typescript/lib/tsserver.js:27055:17)
    at bind (/snap/vscode/64/usr/share/code/resources/app/extensions/node_modules/typescript/lib/tsserver.js:28322:21)
    at visitNode (/snap/vscode/64/usr/share/code/resources/app/extensions/node_modules/typescript/lib/tsserver.js:15842:24)
    at Object.forEachChild (/snap/vscode/64/usr/share/code/resources/app/extensions/node_modules/typescript/lib/tsserver.js:16088:24)
    at bindEachChild (/snap/vscode/64/usr/share/code/resources/app/extensions/node_modules/typescript/lib/tsserver.js:27085:16)
    at bindChildrenWorker (/snap/vscode/64/usr/share/code/resources/app/extensions/node_modules/typescript/lib/tsserver.js:27169:21)
    at bindChildren (/snap/vscode/64/usr/share/code/resources/app/extensions/node_modules/typescript/lib/tsserver.js:27055:17)
    at bind (/snap/vscode/64/usr/share/code/resources/app/extensions/node_modules/typescript/lib/tsserver.js:28322:21)
    at /snap/vscode/64/usr/share/code/resources/app/extensions/node_modules/typescript/lib/tsserver.js:27061:94
    at bindEach (/snap/vscode/64/usr/share/code/resources/app/extensions/node_modules/typescript/lib/tsserver.js:27077:21)
    at bindEachFunctionsFirst (/snap/vscode/64/usr/share/code/resources/app/extensions/node_modules/typescript/lib/tsserver.js:27061:13)
    at bindChildrenWorker (/snap/vscode/64/usr/share/code/resources/app/extensions/node_modules/typescript/lib/tsserver.js:27160:21)
    at bindChildren (/snap/vscode/64/usr/share/code/resources/app/extensions/node_modules/typescript/lib/tsserver.js:27055:17)
    at bindContainer (/snap/vscode/64/usr/share/code/resources/app/extensions/node_modules/typescript/lib/tsserver.js:27003:17)
    at bind (/snap/vscode/64/usr/share/code/resources/app/extensions/node_modules/typescript/lib/tsserver.js:28325:21)
    at bindSourceFile (/snap/vscode/64/usr/share/code/resources/app/extensions/node_modules/typescript/lib/tsserver.js:26658:17)
    at Object.bindSourceFile (/snap/vscode/64/usr/share/code/resources/app/extensions/node_modules/typescript/lib/tsserver.js:26599:9)
    at initializeTypeChecker (/snap/vscode/64/usr/share/code/resources/app/extensions/node_modules/typescript/lib/tsserver.js:56544:20)
    at Object.createTypeChecker (/snap/vscode/64/usr/share/code/resources/app/extensions/node_modules/typescript/lib/tsserver.js:30823:9)
    at Object.getTypeChecker (/snap/vscode/64/usr/share/code/resources/app/extensions/node_modules/typescript/lib/tsserver.js:85108:79)
    at synchronizeHostData (/snap/vscode/64/usr/share/code/resources/app/extensions/node_modules/typescript/lib/tsserver.js:114695:21)
    at Object.getProgram (/snap/vscode/64/usr/share/code/resources/app/extensions/node_modules/typescript/lib/tsserver.js:114768:13)
    at InferredProject.Project.updateGraphWorker (/snap/vscode/64/usr/share/code/resources/app/extensions/node_modules/typescript/lib/tsserver.js:118814:53)
    at InferredProject.Project.updateGraph (/snap/vscode/64/usr/share/code/resources/app/extensions/node_modules/typescript/lib/tsserver.js:118762:42)
    at Object.updateProjectIfDirty (/snap/vscode/64/usr/share/code/resources/app/extensions/node_modules/typescript/lib/tsserver.js:119449:45)
[Error  - 2:39:42 PM] 'signatureHelp' request failed with error.
Error processing request. Debug Failure. False expression: Impossible parameter parent kind
Verbose Debug Information: parent is: FunctionExpression, expected JSDocFunctionType
Error: Debug Failure. False expression: Impossible parameter parent kind
Verbose Debug Information: parent is: FunctionExpression, expected JSDocFunctionType
    at getDeclarationName (/snap/vscode/64/usr/share/code/resources/app/extensions/node_modules/typescript/lib/tsserver.js:26774:30)
    at declareSymbol (/snap/vscode/64/usr/share/code/resources/app/extensions/node_modules/typescript/lib/tsserver.js:26795:78)
    at declareSymbolAndAddToSymbolTable (/snap/vscode/64/usr/share/code/resources/app/extensions/node_modules/typescript/lib/tsserver.js:27934:28)
    at bindParameter (/snap/vscode/64/usr/share/code/resources/app/extensions/node_modules/typescript/lib/tsserver.js:28982:17)
    at bindWorker (/snap/vscode/64/usr/share/code/resources/app/extensions/node_modules/typescript/lib/tsserver.js:28462:28)
    at bind (/snap/vscode/64/usr/share/code/resources/app/extensions/node_modules/typescript/lib/tsserver.js:28311:13)
    at bindEach (/snap/vscode/64/usr/share/code/resources/app/extensions/node_modules/typescript/lib/tsserver.js:27077:21)
    at visitNodes (/snap/vscode/64/usr/share/code/resources/app/extensions/node_modules/typescript/lib/tsserver.js:15847:24)
    at Object.forEachChild (/snap/vscode/64/usr/share/code/resources/app/extensions/node_modules/typescript/lib/tsserver.js:15969:21)
    at bindEachChild (/snap/vscode/64/usr/share/code/resources/app/extensions/node_modules/typescript/lib/tsserver.js:27085:16)
    at bindChildrenWorker (/snap/vscode/64/usr/share/code/resources/app/extensions/node_modules/typescript/lib/tsserver.js:27169:21)
    at bindChildren (/snap/vscode/64/usr/share/code/resources/app/extensions/node_modules/typescript/lib/tsserver.js:27055:17)
    at bindContainer (/snap/vscode/64/usr/share/code/resources/app/extensions/node_modules/typescript/lib/tsserver.js:27003:17)
    at bind (/snap/vscode/64/usr/share/code/resources/app/extensions/node_modules/typescript/lib/tsserver.js:28325:21)
    at visitNode (/snap/vscode/64/usr/share/code/resources/app/extensions/node_modules/typescript/lib/tsserver.js:15842:24)
    at Object.forEachChild (/snap/vscode/64/usr/share/code/resources/app/extensions/node_modules/typescript/lib/tsserver.js:15929:21)
    at bindEachChild (/snap/vscode/64/usr/share/code/resources/app/extensions/node_modules/typescript/lib/tsserver.js:27085:16)
    at bindChildrenWorker (/snap/vscode/64/usr/share/code/resources/app/extensions/node_modules/typescript/lib/tsserver.js:27169:21)
    at bindChildren (/snap/vscode/64/usr/share/code/resources/app/extensions/node_modules/typescript/lib/tsserver.js:27055:17)
    at bind (/snap/vscode/64/usr/share/code/resources/app/extensions/node_modules/typescript/lib/tsserver.js:28322:21)
    at bindEach (/snap/vscode/64/usr/share/code/resources/app/extensions/node_modules/typescript/lib/tsserver.js:27077:21)
    at visitNodes (/snap/vscode/64/usr/share/code/resources/app/extensions/node_modules/typescript/lib/tsserver.js:15847:24)
    at Object.forEachChild (/snap/vscode/64/usr/share/code/resources/app/extensions/node_modules/typescript/lib/tsserver.js:16020:24)
    at bindEachChild (/snap/vscode/64/usr/share/code/resources/app/extensions/node_modules/typescript/lib/tsserver.js:27085:16)
    at bindChildrenWorker (/snap/vscode/64/usr/share/code/resources/app/extensions/node_modules/typescript/lib/tsserver.js:27169:21)
    at bindChildren (/snap/vscode/64/usr/share/code/resources/app/extensions/node_modules/typescript/lib/tsserver.js:27055:17)
    at bindContainer (/snap/vscode/64/usr/share/code/resources/app/extensions/node_modules/typescript/lib/tsserver.js:27036:17)
    at bind (/snap/vscode/64/usr/share/code/resources/app/extensions/node_modules/typescript/lib/tsserver.js:28325:21)
    at bindEach (/snap/vscode/64/usr/share/code/resources/app/extensions/node_modules/typescript/lib/tsserver.js:27077:21)
    at visitNodes (/snap/vscode/64/usr/share/code/resources/app/extensions/node_modules/typescript/lib/tsserver.js:15847:24)
    at Object.forEachChild (/snap/vscode/64/usr/share/code/resources/app/extensions/node_modules/typescript/lib/tsserver.js:16031:21)
    at bindEachChild (/snap/vscode/64/usr/share/code/resources/app/extensions/node_modules/typescript/lib/tsserver.js:27085:16)
    at bindCallExpressionFlow (/snap/vscode/64/usr/share/code/resources/app/extensions/node_modules/typescript/lib/tsserver.js:27798:17)
    at bindChildrenWorker (/snap/vscode/64/usr/share/code/resources/app/extensions/node_modules/typescript/lib/tsserver.js:27152:21)
    at bindChildren (/snap/vscode/64/usr/share/code/resources/app/extensions/node_modules/typescript/lib/tsserver.js:27055:17)
    at bind (/snap/vscode/64/usr/share/code/resources/app/extensions/node_modules/typescript/lib/tsserver.js:28322:21)
    at visitNode (/snap/vscode/64/usr/share/code/resources/app/extensions/node_modules/typescript/lib/tsserver.js:15842:24)
    at Object.forEachChild (/snap/vscode/64/usr/share/code/resources/app/extensions/node_modules/typescript/lib/tsserver.js:15936:21)
    at bindEachChild (/snap/vscode/64/usr/share/code/resources/app/extensions/node_modules/typescript/lib/tsserver.js:27085:16)
    at bindVariableDeclarationFlow (/snap/vscode/64/usr/share/code/resources/app/extensions/node_modules/typescript/lib/tsserver.js:27774:13)
    at bindChildrenWorker (/snap/vscode/64/usr/share/code/resources/app/extensions/node_modules/typescript/lib/tsserver.js:27149:21)
    at bindChildren (/snap/vscode/64/usr/share/code/resources/app/extensions/node_modules/typescript/lib/tsserver.js:27055:17)
    at bind (/snap/vscode/64/usr/share/code/resources/app/extensions/node_modules/typescript/lib/tsserver.js:28322:21)
    at bindEach (/snap/vscode/64/usr/share/code/resources/app/extensions/node_modules/typescript/lib/tsserver.js:27077:21)
    at visitNodes (/snap/vscode/64/usr/share/code/resources/app/extensions/node_modules/typescript/lib/tsserver.js:15847:24)
    at Object.forEachChild (/snap/vscode/64/usr/share/code/resources/app/extensions/node_modules/typescript/lib/tsserver.js:16086:24)
    at bindEachChild (/snap/vscode/64/usr/share/code/resources/app/extensions/node_modules/typescript/lib/tsserver.js:27085:16)
    at bindChildrenWorker (/snap/vscode/64/usr/share/code/resources/app/extensions/node_modules/typescript/lib/tsserver.js:27169:21)
    at bindChildren (/snap/vscode/64/usr/share/code/resources/app/extensions/node_modules/typescript/lib/tsserver.js:27055:17)
    at bind (/snap/vscode/64/usr/share/code/resources/app/extensions/node_modules/typescript/lib/tsserver.js:28322:21)
    at visitNode (/snap/vscode/64/usr/share/code/resources/app/extensions/node_modules/typescript/lib/tsserver.js:15842:24)
    at Object.forEachChild (/snap/vscode/64/usr/share/code/resources/app/extensions/node_modules/typescript/lib/tsserver.js:16084:21)
    at bindEachChild (/snap/vscode/64/usr/share/code/resources/app/extensions/node_modules/typescript/lib/tsserver.js:27085:16)
    at bindChildrenWorker (/snap/vscode/64/usr/share/code/resources/app/extensions/node_modules/typescript/lib/tsserver.js:27169:21)
    at bindChildren (/snap/vscode/64/usr/share/code/resources/app/extensions/node_modules/typescript/lib/tsserver.js:27055:17)
    at bind (/snap/vscode/64/usr/share/code/resources/app/extensions/node_modules/typescript/lib/tsserver.js:28322:21)
    at /snap/vscode/64/usr/share/code/resources/app/extensions/node_modules/typescript/lib/tsserver.js:27061:94
    at bindEach (/snap/vscode/64/usr/share/code/resources/app/extensions/node_modules/typescript/lib/tsserver.js:27077:21)
    at bindEachFunctionsFirst (/snap/vscode/64/usr/share/code/resources/app/extensions/node_modules/typescript/lib/tsserver.js:27061:13)
    at bindChildrenWorker (/snap/vscode/64/usr/share/code/resources/app/extensions/node_modules/typescript/lib/tsserver.js:27166:21)
    at bindChildren (/snap/vscode/64/usr/share/code/resources/app/extensions/node_modules/typescript/lib/tsserver.js:27055:17)
    at bind (/snap/vscode/64/usr/share/code/resources/app/extensions/node_modules/typescript/lib/tsserver.js:28322:21)
    at visitNode (/snap/vscode/64/usr/share/code/resources/app/extensions/node_modules/typescript/lib/tsserver.js:15842:24)
    at Object.forEachChild (/snap/vscode/64/usr/share/code/resources/app/extensions/node_modules/typescript/lib/tsserver.js:15972:21)
    at bindEachChild (/snap/vscode/64/usr/share/code/resources/app/extensions/node_modules/typescript/lib/tsserver.js:27085:16)
    at bindChildrenWorker (/snap/vscode/64/usr/share/code/resources/app/extensions/node_modules/typescript/lib/tsserver.js:27169:21)
    at bindChildren (/snap/vscode/64/usr/share/code/resources/app/extensions/node_modules/typescript/lib/tsserver.js:27055:17)
    at bindContainer (/snap/vscode/64/usr/share/code/resources/app/extensions/node_modules/typescript/lib/tsserver.js:27003:17)
    at bind (/snap/vscode/64/usr/share/code/resources/app/extensions/node_modules/typescript/lib/tsserver.js:28325:21)
    at bindEach (/snap/vscode/64/usr/share/code/resources/app/extensions/node_modules/typescript/lib/tsserver.js:27077:21)
    at visitNodes (/snap/vscode/64/usr/share/code/resources/app/extensions/node_modules/typescript/lib/tsserver.js:15847:24)
    at Object.forEachChild (/snap/vscode/64/usr/share/code/resources/app/extensions/node_modules/typescript/lib/tsserver.js:16031:21)
    at bindEachChild (/snap/vscode/64/usr/share/code/resources/app/extensions/node_modules/typescript/lib/tsserver.js:27085:16)
    at bindCallExpressionFlow (/snap/vscode/64/usr/share/code/resources/app/extensions/node_modules/typescript/lib/tsserver.js:27798:17)
    at bindChildrenWorker (/snap/vscode/64/usr/share/code/resources/app/extensions/node_modules/typescript/lib/tsserver.js:27152:21)
    at bindChildren (/snap/vscode/64/usr/share/code/resources/app/extensions/node_modules/typescript/lib/tsserver.js:27055:17)
    at bind (/snap/vscode/64/usr/share/code/resources/app/extensions/node_modules/typescript/lib/tsserver.js:28322:21)
    at visitNode (/snap/vscode/64/usr/share/code/resources/app/extensions/node_modules/typescript/lib/tsserver.js:15842:24)
    at Object.forEachChild (/snap/vscode/64/usr/share/code/resources/app/extensions/node_modules/typescript/lib/tsserver.js:16088:24)
    at bindEachChild (/snap/vscode/64/usr/share/code/resources/app/extensions/node_modules/typescript/lib/tsserver.js:27085:16)
    at bindChildrenWorker (/snap/vscode/64/usr/share/code/resources/app/extensions/node_modules/typescript/lib/tsserver.js:27169:21)
    at bindChildren (/snap/vscode/64/usr/share/code/resources/app/extensions/node_modules/typescript/lib/tsserver.js:27055:17)
    at bind (/snap/vscode/64/usr/share/code/resources/app/extensions/node_modules/typescript/lib/tsserver.js:28322:21)
    at /snap/vscode/64/usr/share/code/resources/app/extensions/node_modules/typescript/lib/tsserver.js:27061:94
    at bindEach (/snap/vscode/64/usr/share/code/resources/app/extensions/node_modules/typescript/lib/tsserver.js:27077:21)
    at bindEachFunctionsFirst (/snap/vscode/64/usr/share/code/resources/app/extensions/node_modules/typescript/lib/tsserver.js:27061:13)
    at bindChildrenWorker (/snap/vscode/64/usr/share/code/resources/app/extensions/node_modules/typescript/lib/tsserver.js:27160:21)
    at bindChildren (/snap/vscode/64/usr/share/code/resources/app/extensions/node_modules/typescript/lib/tsserver.js:27055:17)
    at bindContainer (/snap/vscode/64/usr/share/code/resources/app/extensions/node_modules/typescript/lib/tsserver.js:27003:17)
    at bind (/snap/vscode/64/usr/share/code/resources/app/extensions/node_modules/typescript/lib/tsserver.js:28325:21)
    at bindSourceFile (/snap/vscode/64/usr/share/code/resources/app/extensions/node_modules/typescript/lib/tsserver.js:26658:17)
    at Object.bindSourceFile (/snap/vscode/64/usr/share/code/resources/app/extensions/node_modules/typescript/lib/tsserver.js:26599:9)
    at initializeTypeChecker (/snap/vscode/64/usr/share/code/resources/app/extensions/node_modules/typescript/lib/tsserver.js:56544:20)
    at Object.createTypeChecker (/snap/vscode/64/usr/share/code/resources/app/extensions/node_modules/typescript/lib/tsserver.js:30823:9)
    at Object.getTypeChecker (/snap/vscode/64/usr/share/code/resources/app/extensions/node_modules/typescript/lib/tsserver.js:85108:79)
    at synchronizeHostData (/snap/vscode/64/usr/share/code/resources/app/extensions/node_modules/typescript/lib/tsserver.js:114695:21)
    at Object.getProgram (/snap/vscode/64/usr/share/code/resources/app/extensions/node_modules/typescript/lib/tsserver.js:114768:13)
    at InferredProject.Project.updateGraphWorker (/snap/vscode/64/usr/share/code/resources/app/extensions/node_modules/typescript/lib/tsserver.js:118814:53)
    at InferredProject.Project.updateGraph (/snap/vscode/64/usr/share/code/resources/app/extensions/node_modules/typescript/lib/tsserver.js:118762:42)
    at Object.updateProjectIfDirty (/snap/vscode/64/usr/share/code/resources/app/extensions/node_modules/typescript/lib/tsserver.js:119449:45)
[Error  - 2:39:46 PM] 'completionInfo' request failed with error.
Error processing request. Debug Failure. False expression: Impossible parameter parent kind
Verbose Debug Information: parent is: FunctionExpression, expected JSDocFunctionType
Error: Debug Failure. False expression: Impossible parameter parent kind
Verbose Debug Information: parent is: FunctionExpression, expected JSDocFunctionType
    at getDeclarationName (/snap/vscode/64/usr/share/code/resources/app/extensions/node_modules/typescript/lib/tsserver.js:26774:30)
    at declareSymbol (/snap/vscode/64/usr/share/code/resources/app/extensions/node_modules/typescript/lib/tsserver.js:26795:78)
    at declareSymbolAndAddToSymbolTable (/snap/vscode/64/usr/share/code/resources/app/extensions/node_modules/typescript/lib/tsserver.js:27934:28)
    at bindParameter (/snap/vscode/64/usr/share/code/resources/app/extensions/node_modules/typescript/lib/tsserver.js:28982:17)
    at bindWorker (/snap/vscode/64/usr/share/code/resources/app/extensions/node_modules/typescript/lib/tsserver.js:28462:28)
    at bind (/snap/vscode/64/usr/share/code/resources/app/extensions/node_modules/typescript/lib/tsserver.js:28311:13)
    at bindEach (/snap/vscode/64/usr/share/code/resources/app/extensions/node_modules/typescript/lib/tsserver.js:27077:21)
    at visitNodes (/snap/vscode/64/usr/share/code/resources/app/extensions/node_modules/typescript/lib/tsserver.js:15847:24)
    at Object.forEachChild (/snap/vscode/64/usr/share/code/resources/app/extensions/node_modules/typescript/lib/tsserver.js:15969:21)
    at bindEachChild (/snap/vscode/64/usr/share/code/resources/app/extensions/node_modules/typescript/lib/tsserver.js:27085:16)
    at bindChildrenWorker (/snap/vscode/64/usr/share/code/resources/app/extensions/node_modules/typescript/lib/tsserver.js:27169:21)
    at bindChildren (/snap/vscode/64/usr/share/code/resources/app/extensions/node_modules/typescript/lib/tsserver.js:27055:17)
    at bindContainer (/snap/vscode/64/usr/share/code/resources/app/extensions/node_modules/typescript/lib/tsserver.js:27003:17)
    at bind (/snap/vscode/64/usr/share/code/resources/app/extensions/node_modules/typescript/lib/tsserver.js:28325:21)
    at visitNode (/snap/vscode/64/usr/share/code/resources/app/extensions/node_modules/typescript/lib/tsserver.js:15842:24)
    at Object.forEachChild (/snap/vscode/64/usr/share/code/resources/app/extensions/node_modules/typescript/lib/tsserver.js:15929:21)
    at bindEachChild (/snap/vscode/64/usr/share/code/resources/app/extensions/node_modules/typescript/lib/tsserver.js:27085:16)
    at bindChildrenWorker (/snap/vscode/64/usr/share/code/resources/app/extensions/node_modules/typescript/lib/tsserver.js:27169:21)
    at bindChildren (/snap/vscode/64/usr/share/code/resources/app/extensions/node_modules/typescript/lib/tsserver.js:27055:17)
    at bind (/snap/vscode/64/usr/share/code/resources/app/extensions/node_modules/typescript/lib/tsserver.js:28322:21)
    at bindEach (/snap/vscode/64/usr/share/code/resources/app/extensions/node_modules/typescript/lib/tsserver.js:27077:21)
    at visitNodes (/snap/vscode/64/usr/share/code/resources/app/extensions/node_modules/typescript/lib/tsserver.js:15847:24)
    at Object.forEachChild (/snap/vscode/64/usr/share/code/resources/app/extensions/node_modules/typescript/lib/tsserver.js:16020:24)
    at bindEachChild (/snap/vscode/64/usr/share/code/resources/app/extensions/node_modules/typescript/lib/tsserver.js:27085:16)
    at bindChildrenWorker (/snap/vscode/64/usr/share/code/resources/app/extensions/node_modules/typescript/lib/tsserver.js:27169:21)
    at bindChildren (/snap/vscode/64/usr/share/code/resources/app/extensions/node_modules/typescript/lib/tsserver.js:27055:17)
    at bindContainer (/snap/vscode/64/usr/share/code/resources/app/extensions/node_modules/typescript/lib/tsserver.js:27036:17)
    at bind (/snap/vscode/64/usr/share/code/resources/app/extensions/node_modules/typescript/lib/tsserver.js:28325:21)
    at bindEach (/snap/vscode/64/usr/share/code/resources/app/extensions/node_modules/typescript/lib/tsserver.js:27077:21)
    at visitNodes (/snap/vscode/64/usr/share/code/resources/app/extensions/node_modules/typescript/lib/tsserver.js:15847:24)
    at Object.forEachChild (/snap/vscode/64/usr/share/code/resources/app/extensions/node_modules/typescript/lib/tsserver.js:16031:21)
    at bindEachChild (/snap/vscode/64/usr/share/code/resources/app/extensions/node_modules/typescript/lib/tsserver.js:27085:16)
    at bindCallExpressionFlow (/snap/vscode/64/usr/share/code/resources/app/extensions/node_modules/typescript/lib/tsserver.js:27798:17)
    at bindChildrenWorker (/snap/vscode/64/usr/share/code/resources/app/extensions/node_modules/typescript/lib/tsserver.js:27152:21)
    at bindChildren (/snap/vscode/64/usr/share/code/resources/app/extensions/node_modules/typescript/lib/tsserver.js:27055:17)
    at bind (/snap/vscode/64/usr/share/code/resources/app/extensions/node_modules/typescript/lib/tsserver.js:28322:21)
    at visitNode (/snap/vscode/64/usr/share/code/resources/app/extensions/node_modules/typescript/lib/tsserver.js:15842:24)
    at Object.forEachChild (/snap/vscode/64/usr/share/code/resources/app/extensions/node_modules/typescript/lib/tsserver.js:15936:21)
    at bindEachChild (/snap/vscode/64/usr/share/code/resources/app/extensions/node_modules/typescript/lib/tsserver.js:27085:16)
    at bindVariableDeclarationFlow (/snap/vscode/64/usr/share/code/resources/app/extensions/node_modules/typescript/lib/tsserver.js:27774:13)
    at bindChildrenWorker (/snap/vscode/64/usr/share/code/resources/app/extensions/node_modules/typescript/lib/tsserver.js:27149:21)
    at bindChildren (/snap/vscode/64/usr/share/code/resources/app/extensions/node_modules/typescript/lib/tsserver.js:27055:17)
    at bind (/snap/vscode/64/usr/share/code/resources/app/extensions/node_modules/typescript/lib/tsserver.js:28322:21)
    at bindEach (/snap/vscode/64/usr/share/code/resources/app/extensions/node_modules/typescript/lib/tsserver.js:27077:21)
    at visitNodes (/snap/vscode/64/usr/share/code/resources/app/extensions/node_modules/typescript/lib/tsserver.js:15847:24)
    at Object.forEachChild (/snap/vscode/64/usr/share/code/resources/app/extensions/node_modules/typescript/lib/tsserver.js:16086:24)
    at bindEachChild (/snap/vscode/64/usr/share/code/resources/app/extensions/node_modules/typescript/lib/tsserver.js:27085:16)
    at bindChildrenWorker (/snap/vscode/64/usr/share/code/resources/app/extensions/node_modules/typescript/lib/tsserver.js:27169:21)
    at bindChildren (/snap/vscode/64/usr/share/code/resources/app/extensions/node_modules/typescript/lib/tsserver.js:27055:17)
    at bind (/snap/vscode/64/usr/share/code/resources/app/extensions/node_modules/typescript/lib/tsserver.js:28322:21)
    at visitNode (/snap/vscode/64/usr/share/code/resources/app/extensions/node_modules/typescript/lib/tsserver.js:15842:24)
    at Object.forEachChild (/snap/vscode/64/usr/share/code/resources/app/extensions/node_modules/typescript/lib/tsserver.js:16084:21)
    at bindEachChild (/snap/vscode/64/usr/share/code/resources/app/extensions/node_modules/typescript/lib/tsserver.js:27085:16)
    at bindChildrenWorker (/snap/vscode/64/usr/share/code/resources/app/extensions/node_modules/typescript/lib/tsserver.js:27169:21)
    at bindChildren (/snap/vscode/64/usr/share/code/resources/app/extensions/node_modules/typescript/lib/tsserver.js:27055:17)
    at bind (/snap/vscode/64/usr/share/code/resources/app/extensions/node_modules/typescript/lib/tsserver.js:28322:21)
    at /snap/vscode/64/usr/share/code/resources/app/extensions/node_modules/typescript/lib/tsserver.js:27061:94
    at bindEach (/snap/vscode/64/usr/share/code/resources/app/extensions/node_modules/typescript/lib/tsserver.js:27077:21)
    at bindEachFunctionsFirst (/snap/vscode/64/usr/share/code/resources/app/extensions/node_modules/typescript/lib/tsserver.js:27061:13)
    at bindChildrenWorker (/snap/vscode/64/usr/share/code/resources/app/extensions/node_modules/typescript/lib/tsserver.js:27166:21)
    at bindChildren (/snap/vscode/64/usr/share/code/resources/app/extensions/node_modules/typescript/lib/tsserver.js:27055:17)
    at bind (/snap/vscode/64/usr/share/code/resources/app/extensions/node_modules/typescript/lib/tsserver.js:28322:21)
    at visitNode (/snap/vscode/64/usr/share/code/resources/app/extensions/node_modules/typescript/lib/tsserver.js:15842:24)
    at Object.forEachChild (/snap/vscode/64/usr/share/code/resources/app/extensions/node_modules/typescript/lib/tsserver.js:15972:21)
    at bindEachChild (/snap/vscode/64/usr/share/code/resources/app/extensions/node_modules/typescript/lib/tsserver.js:27085:16)
    at bindChildrenWorker (/snap/vscode/64/usr/share/code/resources/app/extensions/node_modules/typescript/lib/tsserver.js:27169:21)
    at bindChildren (/snap/vscode/64/usr/share/code/resources/app/extensions/node_modules/typescript/lib/tsserver.js:27055:17)
    at bindContainer (/snap/vscode/64/usr/share/code/resources/app/extensions/node_modules/typescript/lib/tsserver.js:27003:17)
    at bind (/snap/vscode/64/usr/share/code/resources/app/extensions/node_modules/typescript/lib/tsserver.js:28325:21)
    at bindEach (/snap/vscode/64/usr/share/code/resources/app/extensions/node_modules/typescript/lib/tsserver.js:27077:21)
    at visitNodes (/snap/vscode/64/usr/share/code/resources/app/extensions/node_modules/typescript/lib/tsserver.js:15847:24)
    at Object.forEachChild (/snap/vscode/64/usr/share/code/resources/app/extensions/node_modules/typescript/lib/tsserver.js:16031:21)
    at bindEachChild (/snap/vscode/64/usr/share/code/resources/app/extensions/node_modules/typescript/lib/tsserver.js:27085:16)
    at bindCallExpressionFlow (/snap/vscode/64/usr/share/code/resources/app/extensions/node_modules/typescript/lib/tsserver.js:27798:17)
    at bindChildrenWorker (/snap/vscode/64/usr/share/code/resources/app/extensions/node_modules/typescript/lib/tsserver.js:27152:21)
    at bindChildren (/snap/vscode/64/usr/share/code/resources/app/extensions/node_modules/typescript/lib/tsserver.js:27055:17)
    at bind (/snap/vscode/64/usr/share/code/resources/app/extensions/node_modules/typescript/lib/tsserver.js:28322:21)
    at visitNode (/snap/vscode/64/usr/share/code/resources/app/extensions/node_modules/typescript/lib/tsserver.js:15842:24)
    at Object.forEachChild (/snap/vscode/64/usr/share/code/resources/app/extensions/node_modules/typescript/lib/tsserver.js:16088:24)
    at bindEachChild (/snap/vscode/64/usr/share/code/resources/app/extensions/node_modules/typescript/lib/tsserver.js:27085:16)
    at bindChildrenWorker (/snap/vscode/64/usr/share/code/resources/app/extensions/node_modules/typescript/lib/tsserver.js:27169:21)
    at bindChildren (/snap/vscode/64/usr/share/code/resources/app/extensions/node_modules/typescript/lib/tsserver.js:27055:17)
    at bind (/snap/vscode/64/usr/share/code/resources/app/extensions/node_modules/typescript/lib/tsserver.js:28322:21)
    at /snap/vscode/64/usr/share/code/resources/app/extensions/node_modules/typescript/lib/tsserver.js:27061:94
    at bindEach (/snap/vscode/64/usr/share/code/resources/app/extensions/node_modules/typescript/lib/tsserver.js:27077:21)
    at bindEachFunctionsFirst (/snap/vscode/64/usr/share/code/resources/app/extensions/node_modules/typescript/lib/tsserver.js:27061:13)
    at bindChildrenWorker (/snap/vscode/64/usr/share/code/resources/app/extensions/node_modules/typescript/lib/tsserver.js:27160:21)
    at bindChildren (/snap/vscode/64/usr/share/code/resources/app/extensions/node_modules/typescript/lib/tsserver.js:27055:17)
    at bindContainer (/snap/vscode/64/usr/share/code/resources/app/extensions/node_modules/typescript/lib/tsserver.js:27003:17)
    at bind (/snap/vscode/64/usr/share/code/resources/app/extensions/node_modules/typescript/lib/tsserver.js:28325:21)
    at bindSourceFile (/snap/vscode/64/usr/share/code/resources/app/extensions/node_modules/typescript/lib/tsserver.js:26658:17)
    at Object.bindSourceFile (/snap/vscode/64/usr/share/code/resources/app/extensions/node_modules/typescript/lib/tsserver.js:26599:9)
    at initializeTypeChecker (/snap/vscode/64/usr/share/code/resources/app/extensions/node_modules/typescript/lib/tsserver.js:56544:20)
    at Object.createTypeChecker (/snap/vscode/64/usr/share/code/resources/app/extensions/node_modules/typescript/lib/tsserver.js:30823:9)
    at Object.getTypeChecker (/snap/vscode/64/usr/share/code/resources/app/extensions/node_modules/typescript/lib/tsserver.js:85108:79)
    at synchronizeHostData (/snap/vscode/64/usr/share/code/resources/app/extensions/node_modules/typescript/lib/tsserver.js:114695:21)
    at Object.getProgram (/snap/vscode/64/usr/share/code/resources/app/extensions/node_modules/typescript/lib/tsserver.js:114768:13)
    at InferredProject.Project.updateGraphWorker (/snap/vscode/64/usr/share/code/resources/app/extensions/node_modules/typescript/lib/tsserver.js:118814:53)
    at InferredProject.Project.updateGraph (/snap/vscode/64/usr/share/code/resources/app/extensions/node_modules/typescript/lib/tsserver.js:118762:42)
    at Object.updateProjectIfDirty (/snap/vscode/64/usr/share/code/resources/app/extensions/node_modules/typescript/lib/tsserver.js:119449:45)
[Error  - 2:39:50 PM] 'completionInfo' request failed with error.
Error processing request. Debug Failure. False expression: Impossible parameter parent kind
Verbose Debug Information: parent is: FunctionExpression, expected JSDocFunctionType
Error: Debug Failure. False expression: Impossible parameter parent kind
Verbose Debug Information: parent is: FunctionExpression, expected JSDocFunctionType
    at getDeclarationName (/snap/vscode/64/usr/share/code/resources/app/extensions/node_modules/typescript/lib/tsserver.js:26774:30)
    at declareSymbol (/snap/vscode/64/usr/share/code/resources/app/extensions/node_modules/typescript/lib/tsserver.js:26795:78)
    at declareSymbolAndAddToSymbolTable (/snap/vscode/64/usr/share/code/resources/app/extensions/node_modules/typescript/lib/tsserver.js:27934:28)
    at bindParameter (/snap/vscode/64/usr/share/code/resources/app/extensions/node_modules/typescript/lib/tsserver.js:28982:17)
    at bindWorker (/snap/vscode/64/usr/share/code/resources/app/extensions/node_modules/typescript/lib/tsserver.js:28462:28)
    at bind (/snap/vscode/64/usr/share/code/resources/app/extensions/node_modules/typescript/lib/tsserver.js:28311:13)
    at bindEach (/snap/vscode/64/usr/share/code/resources/app/extensions/node_modules/typescript/lib/tsserver.js:27077:21)
    at visitNodes (/snap/vscode/64/usr/share/code/resources/app/extensions/node_modules/typescript/lib/tsserver.js:15847:24)
    at Object.forEachChild (/snap/vscode/64/usr/share/code/resources/app/extensions/node_modules/typescript/lib/tsserver.js:15969:21)
    at bindEachChild (/snap/vscode/64/usr/share/code/resources/app/extensions/node_modules/typescript/lib/tsserver.js:27085:16)
    at bindChildrenWorker (/snap/vscode/64/usr/share/code/resources/app/extensions/node_modules/typescript/lib/tsserver.js:27169:21)
    at bindChildren (/snap/vscode/64/usr/share/code/resources/app/extensions/node_modules/typescript/lib/tsserver.js:27055:17)
    at bindContainer (/snap/vscode/64/usr/share/code/resources/app/extensions/node_modules/typescript/lib/tsserver.js:27003:17)
    at bind (/snap/vscode/64/usr/share/code/resources/app/extensions/node_modules/typescript/lib/tsserver.js:28325:21)
    at visitNode (/snap/vscode/64/usr/share/code/resources/app/extensions/node_modules/typescript/lib/tsserver.js:15842:24)
    at Object.forEachChild (/snap/vscode/64/usr/share/code/resources/app/extensions/node_modules/typescript/lib/tsserver.js:15929:21)
    at bindEachChild (/snap/vscode/64/usr/share/code/resources/app/extensions/node_modules/typescript/lib/tsserver.js:27085:16)
    at bindChildrenWorker (/snap/vscode/64/usr/share/code/resources/app/extensions/node_modules/typescript/lib/tsserver.js:27169:21)
    at bindChildren (/snap/vscode/64/usr/share/code/resources/app/extensions/node_modules/typescript/lib/tsserver.js:27055:17)
    at bind (/snap/vscode/64/usr/share/code/resources/app/extensions/node_modules/typescript/lib/tsserver.js:28322:21)
    at bindEach (/snap/vscode/64/usr/share/code/resources/app/extensions/node_modules/typescript/lib/tsserver.js:27077:21)
    at visitNodes (/snap/vscode/64/usr/share/code/resources/app/extensions/node_modules/typescript/lib/tsserver.js:15847:24)
    at Object.forEachChild (/snap/vscode/64/usr/share/code/resources/app/extensions/node_modules/typescript/lib/tsserver.js:16020:24)
    at bindEachChild (/snap/vscode/64/usr/share/code/resources/app/extensions/node_modules/typescript/lib/tsserver.js:27085:16)
    at bindChildrenWorker (/snap/vscode/64/usr/share/code/resources/app/extensions/node_modules/typescript/lib/tsserver.js:27169:21)
    at bindChildren (/snap/vscode/64/usr/share/code/resources/app/extensions/node_modules/typescript/lib/tsserver.js:27055:17)
    at bindContainer (/snap/vscode/64/usr/share/code/resources/app/extensions/node_modules/typescript/lib/tsserver.js:27036:17)
    at bind (/snap/vscode/64/usr/share/code/resources/app/extensions/node_modules/typescript/lib/tsserver.js:28325:21)
    at bindEach (/snap/vscode/64/usr/share/code/resources/app/extensions/node_modules/typescript/lib/tsserver.js:27077:21)
    at visitNodes (/snap/vscode/64/usr/share/code/resources/app/extensions/node_modules/typescript/lib/tsserver.js:15847:24)
    at Object.forEachChild (/snap/vscode/64/usr/share/code/resources/app/extensions/node_modules/typescript/lib/tsserver.js:16031:21)
    at bindEachChild (/snap/vscode/64/usr/share/code/resources/app/extensions/node_modules/typescript/lib/tsserver.js:27085:16)
    at bindCallExpressionFlow (/snap/vscode/64/usr/share/code/resources/app/extensions/node_modules/typescript/lib/tsserver.js:27798:17)
    at bindChildrenWorker (/snap/vscode/64/usr/share/code/resources/app/extensions/node_modules/typescript/lib/tsserver.js:27152:21)
    at bindChildren (/snap/vscode/64/usr/share/code/resources/app/extensions/node_modules/typescript/lib/tsserver.js:27055:17)
    at bind (/snap/vscode/64/usr/share/code/resources/app/extensions/node_modules/typescript/lib/tsserver.js:28322:21)
    at visitNode (/snap/vscode/64/usr/share/code/resources/app/extensions/node_modules/typescript/lib/tsserver.js:15842:24)
    at Object.forEachChild (/snap/vscode/64/usr/share/code/resources/app/extensions/node_modules/typescript/lib/tsserver.js:15936:21)
    at bindEachChild (/snap/vscode/64/usr/share/code/resources/app/extensions/node_modules/typescript/lib/tsserver.js:27085:16)
    at bindVariableDeclarationFlow (/snap/vscode/64/usr/share/code/resources/app/extensions/node_modules/typescript/lib/tsserver.js:27774:13)
    at bindChildrenWorker (/snap/vscode/64/usr/share/code/resources/app/extensions/node_modules/typescript/lib/tsserver.js:27149:21)
    at bindChildren (/snap/vscode/64/usr/share/code/resources/app/extensions/node_modules/typescript/lib/tsserver.js:27055:17)
    at bind (/snap/vscode/64/usr/share/code/resources/app/extensions/node_modules/typescript/lib/tsserver.js:28322:21)
    at bindEach (/snap/vscode/64/usr/share/code/resources/app/extensions/node_modules/typescript/lib/tsserver.js:27077:21)
    at visitNodes (/snap/vscode/64/usr/share/code/resources/app/extensions/node_modules/typescript/lib/tsserver.js:15847:24)
    at Object.forEachChild (/snap/vscode/64/usr/share/code/resources/app/extensions/node_modules/typescript/lib/tsserver.js:16086:24)
    at bindEachChild (/snap/vscode/64/usr/share/code/resources/app/extensions/node_modules/typescript/lib/tsserver.js:27085:16)
    at bindChildrenWorker (/snap/vscode/64/usr/share/code/resources/app/extensions/node_modules/typescript/lib/tsserver.js:27169:21)
    at bindChildren (/snap/vscode/64/usr/share/code/resources/app/extensions/node_modules/typescript/lib/tsserver.js:27055:17)
    at bind (/snap/vscode/64/usr/share/code/resources/app/extensions/node_modules/typescript/lib/tsserver.js:28322:21)
    at visitNode (/snap/vscode/64/usr/share/code/resources/app/extensions/node_modules/typescript/lib/tsserver.js:15842:24)
    at Object.forEachChild (/snap/vscode/64/usr/share/code/resources/app/extensions/node_modules/typescript/lib/tsserver.js:16084:21)
    at bindEachChild (/snap/vscode/64/usr/share/code/resources/app/extensions/node_modules/typescript/lib/tsserver.js:27085:16)
    at bindChildrenWorker (/snap/vscode/64/usr/share/code/resources/app/extensions/node_modules/typescript/lib/tsserver.js:27169:21)
    at bindChildren (/snap/vscode/64/usr/share/code/resources/app/extensions/node_modules/typescript/lib/tsserver.js:27055:17)
    at bind (/snap/vscode/64/usr/share/code/resources/app/extensions/node_modules/typescript/lib/tsserver.js:28322:21)
    at /snap/vscode/64/usr/share/code/resources/app/extensions/node_modules/typescript/lib/tsserver.js:27061:94
    at bindEach (/snap/vscode/64/usr/share/code/resources/app/extensions/node_modules/typescript/lib/tsserver.js:27077:21)
    at bindEachFunctionsFirst (/snap/vscode/64/usr/share/code/resources/app/extensions/node_modules/typescript/lib/tsserver.js:27061:13)
    at bindChildrenWorker (/snap/vscode/64/usr/share/code/resources/app/extensions/node_modules/typescript/lib/tsserver.js:27166:21)
    at bindChildren (/snap/vscode/64/usr/share/code/resources/app/extensions/node_modules/typescript/lib/tsserver.js:27055:17)
    at bind (/snap/vscode/64/usr/share/code/resources/app/extensions/node_modules/typescript/lib/tsserver.js:28322:21)
    at visitNode (/snap/vscode/64/usr/share/code/resources/app/extensions/node_modules/typescript/lib/tsserver.js:15842:24)
    at Object.forEachChild (/snap/vscode/64/usr/share/code/resources/app/extensions/node_modules/typescript/lib/tsserver.js:15972:21)
    at bindEachChild (/snap/vscode/64/usr/share/code/resources/app/extensions/node_modules/typescript/lib/tsserver.js:27085:16)
    at bindChildrenWorker (/snap/vscode/64/usr/share/code/resources/app/extensions/node_modules/typescript/lib/tsserver.js:27169:21)
    at bindChildren (/snap/vscode/64/usr/share/code/resources/app/extensions/node_modules/typescript/lib/tsserver.js:27055:17)
    at bindContainer (/snap/vscode/64/usr/share/code/resources/app/extensions/node_modules/typescript/lib/tsserver.js:27003:17)
    at bind (/snap/vscode/64/usr/share/code/resources/app/extensions/node_modules/typescript/lib/tsserver.js:28325:21)
    at bindEach (/snap/vscode/64/usr/share/code/resources/app/extensions/node_modules/typescript/lib/tsserver.js:27077:21)
    at visitNodes (/snap/vscode/64/usr/share/code/resources/app/extensions/node_modules/typescript/lib/tsserver.js:15847:24)
    at Object.forEachChild (/snap/vscode/64/usr/share/code/resources/app/extensions/node_modules/typescript/lib/tsserver.js:16031:21)
    at bindEachChild (/snap/vscode/64/usr/share/code/resources/app/extensions/node_modules/typescript/lib/tsserver.js:27085:16)
    at bindCallExpressionFlow (/snap/vscode/64/usr/share/code/resources/app/extensions/node_modules/typescript/lib/tsserver.js:27798:17)
    at bindChildrenWorker (/snap/vscode/64/usr/share/code/resources/app/extensions/node_modules/typescript/lib/tsserver.js:27152:21)
    at bindChildren (/snap/vscode/64/usr/share/code/resources/app/extensions/node_modules/typescript/lib/tsserver.js:27055:17)
    at bind (/snap/vscode/64/usr/share/code/resources/app/extensions/node_modules/typescript/lib/tsserver.js:28322:21)
    at visitNode (/snap/vscode/64/usr/share/code/resources/app/extensions/node_modules/typescript/lib/tsserver.js:15842:24)
    at Object.forEachChild (/snap/vscode/64/usr/share/code/resources/app/extensions/node_modules/typescript/lib/tsserver.js:16088:24)
    at bindEachChild (/snap/vscode/64/usr/share/code/resources/app/extensions/node_modules/typescript/lib/tsserver.js:27085:16)
    at bindChildrenWorker (/snap/vscode/64/usr/share/code/resources/app/extensions/node_modules/typescript/lib/tsserver.js:27169:21)
    at bindChildren (/snap/vscode/64/usr/share/code/resources/app/extensions/node_modules/typescript/lib/tsserver.js:27055:17)
    at bind (/snap/vscode/64/usr/share/code/resources/app/extensions/node_modules/typescript/lib/tsserver.js:28322:21)
    at /snap/vscode/64/usr/share/code/resources/app/extensions/node_modules/typescript/lib/tsserver.js:27061:94
    at bindEach (/snap/vscode/64/usr/share/code/resources/app/extensions/node_modules/typescript/lib/tsserver.js:27077:21)
    at bindEachFunctionsFirst (/snap/vscode/64/usr/share/code/resources/app/extensions/node_modules/typescript/lib/tsserver.js:27061:13)
    at bindChildrenWorker (/snap/vscode/64/usr/share/code/resources/app/extensions/node_modules/typescript/lib/tsserver.js:27160:21)
    at bindChildren (/snap/vscode/64/usr/share/code/resources/app/extensions/node_modules/typescript/lib/tsserver.js:27055:17)
    at bindContainer (/snap/vscode/64/usr/share/code/resources/app/extensions/node_modules/typescript/lib/tsserver.js:27003:17)
    at bind (/snap/vscode/64/usr/share/code/resources/app/extensions/node_modules/typescript/lib/tsserver.js:28325:21)
    at bindSourceFile (/snap/vscode/64/usr/share/code/resources/app/extensions/node_modules/typescript/lib/tsserver.js:26658:17)
    at Object.bindSourceFile (/snap/vscode/64/usr/share/code/resources/app/extensions/node_modules/typescript/lib/tsserver.js:26599:9)
    at initializeTypeChecker (/snap/vscode/64/usr/share/code/resources/app/extensions/node_modules/typescript/lib/tsserver.js:56544:20)
    at Object.createTypeChecker (/snap/vscode/64/usr/share/code/resources/app/extensions/node_modules/typescript/lib/tsserver.js:30823:9)
    at Object.getTypeChecker (/snap/vscode/64/usr/share/code/resources/app/extensions/node_modules/typescript/lib/tsserver.js:85108:79)
    at synchronizeHostData (/snap/vscode/64/usr/share/code/resources/app/extensions/node_modules/typescript/lib/tsserver.js:114695:21)
    at Object.getProgram (/snap/vscode/64/usr/share/code/resources/app/extensions/node_modules/typescript/lib/tsserver.js:114768:13)
    at InferredProject.Project.updateGraphWorker (/snap/vscode/64/usr/share/code/resources/app/extensions/node_modules/typescript/lib/tsserver.js:118814:53)
    at InferredProject.Project.updateGraph (/snap/vscode/64/usr/share/code/resources/app/extensions/node_modules/typescript/lib/tsserver.js:118762:42)
    at Object.updateProjectIfDirty (/snap/vscode/64/usr/share/code/resources/app/extensions/node_modules/typescript/lib/tsserver.js:119449:45)
[Error  - 2:40:42 PM] 'quickinfo' request failed with error.
Error processing request. Cannot read property 'flags' of undefined
TypeError: Cannot read property 'flags' of undefined
    at Object.getCheckFlags (/snap/vscode/64/usr/share/code/resources/app/extensions/node_modules/typescript/lib/tsserver.js:11956:23)
    at getTypeOfSymbol (/snap/vscode/64/usr/share/code/resources/app/extensions/node_modules/typescript/lib/tsserver.js:35161:20)
    at checkVariableLikeDeclaration (/snap/vscode/64/usr/share/code/resources/app/extensions/node_modules/typescript/lib/tsserver.js:53049:41)
    at checkParameter (/snap/vscode/64/usr/share/code/resources/app/extensions/node_modules/typescript/lib/tsserver.js:50910:13)
    at Object.forEach (/snap/vscode/64/usr/share/code/resources/app/extensions/node_modules/typescript/lib/tsserver.js:223:30)
    at checkSignatureDeclaration (/snap/vscode/64/usr/share/code/resources/app/extensions/node_modules/typescript/lib/tsserver.js:51041:16)
    at checkFunctionExpressionOrObjectLiteralMethod (/snap/vscode/64/usr/share/code/resources/app/extensions/node_modules/typescript/lib/tsserver.js:49736:21)
    at checkExpressionWorker (/snap/vscode/64/usr/share/code/resources/app/extensions/node_modules/typescript/lib/tsserver.js:50833:28)
    at checkExpression (/snap/vscode/64/usr/share/code/resources/app/extensions/node_modules/typescript/lib/tsserver.js:50761:42)
    at checkExpressionForMutableLocation (/snap/vscode/64/usr/share/code/resources/app/extensions/node_modules/typescript/lib/tsserver.js:50665:24)
    at checkPropertyAssignment (/snap/vscode/64/usr/share/code/resources/app/extensions/node_modules/typescript/lib/tsserver.js:50676:20)
    at checkObjectLiteral (/snap/vscode/64/usr/share/code/resources/app/extensions/node_modules/typescript/lib/tsserver.js:46199:83)
    at checkExpressionWorker (/snap/vscode/64/usr/share/code/resources/app/extensions/node_modules/typescript/lib/tsserver.js:50813:28)
    at checkExpression (/snap/vscode/64/usr/share/code/resources/app/extensions/node_modules/typescript/lib/tsserver.js:50761:42)
    at /snap/vscode/64/usr/share/code/resources/app/extensions/node_modules/typescript/lib/tsserver.js:47693:21
    at Object.forEach (/snap/vscode/64/usr/share/code/resources/app/extensions/node_modules/typescript/lib/tsserver.js:223:30)
    at resolveUntypedCall (/snap/vscode/64/usr/share/code/resources/app/extensions/node_modules/typescript/lib/tsserver.js:47692:20)
    at resolveCallExpression (/snap/vscode/64/usr/share/code/resources/app/extensions/node_modules/typescript/lib/tsserver.js:48573:24)
    at resolveSignature (/snap/vscode/64/usr/share/code/resources/app/extensions/node_modules/typescript/lib/tsserver.js:48865:28)
    at getResolvedSignature (/snap/vscode/64/usr/share/code/resources/app/extensions/node_modules/typescript/lib/tsserver.js:48909:26)
    at getContextualTypeForArgumentAtIndex (/snap/vscode/64/usr/share/code/resources/app/extensions/node_modules/typescript/lib/tsserver.js:45451:118)
    at getContextualTypeForArgument (/snap/vscode/64/usr/share/code/resources/app/extensions/node_modules/typescript/lib/tsserver.js:45446:50)
    at getContextualType (/snap/vscode/64/usr/share/code/resources/app/extensions/node_modules/typescript/lib/tsserver.js:45743:28)
    at getApparentTypeOfContextualType (/snap/vscode/64/usr/share/code/resources/app/extensions/node_modules/typescript/lib/tsserver.js:45671:34)
    at getContextualTypeForObjectLiteralElement (/snap/vscode/64/usr/share/code/resources/app/extensions/node_modules/typescript/lib/tsserver.js:45589:24)
    at getContextualType (/snap/vscode/64/usr/share/code/resources/app/extensions/node_modules/typescript/lib/tsserver.js:45751:28)
    at getApparentTypeOfContextualType (/snap/vscode/64/usr/share/code/resources/app/extensions/node_modules/typescript/lib/tsserver.js:45671:34)
    at getContextualTypeForFunctionLikeDeclaration (/snap/vscode/64/usr/share/code/resources/app/extensions/node_modules/typescript/lib/tsserver.js:45959:17)
    at getContextualSignature (/snap/vscode/64/usr/share/code/resources/app/extensions/node_modules/typescript/lib/tsserver.js:45972:24)
    at getContextuallyTypedParameterType (/snap/vscode/64/usr/share/code/resources/app/extensions/node_modules/typescript/lib/tsserver.js:45339:39)
    at getTypeForVariableLikeDeclaration (/snap/vscode/64/usr/share/code/resources/app/extensions/node_modules/typescript/lib/tsserver.js:34575:122)
    at getWidenedTypeForVariableLikeDeclaration (/snap/vscode/64/usr/share/code/resources/app/extensions/node_modules/typescript/lib/tsserver.js:34849:56)
    at getTypeOfVariableOrParameterOrPropertyWorker (/snap/vscode/64/usr/share/code/resources/app/extensions/node_modules/typescript/lib/tsserver.js:34963:24)
    at getTypeOfVariableOrParameterOrProperty (/snap/vscode/64/usr/share/code/resources/app/extensions/node_modules/typescript/lib/tsserver.js:34885:48)
    at getTypeOfSymbol (/snap/vscode/64/usr/share/code/resources/app/extensions/node_modules/typescript/lib/tsserver.js:35168:24)
    at getTypeOfSymbolAtLocation (/snap/vscode/64/usr/share/code/resources/app/extensions/node_modules/typescript/lib/tsserver.js:44572:20)
    at Object.getTypeOfSymbolAtLocation (/snap/vscode/64/usr/share/code/resources/app/extensions/node_modules/typescript/lib/tsserver.js:30282:35)
    at Object.getSymbolDisplayPartsDocumentationAndSymbolKind (/snap/vscode/64/usr/share/code/resources/app/extensions/node_modules/typescript/lib/tsserver.js:102104:97)
    at /snap/vscode/64/usr/share/code/resources/app/extensions/node_modules/typescript/lib/tsserver.js:114852:41
    at Object.runWithCancellationToken (/snap/vscode/64/usr/share/code/resources/app/extensions/node_modules/typescript/lib/tsserver.js:30523:28)
    at Object.getQuickInfoAtPosition (/snap/vscode/64/usr/share/code/resources/app/extensions/node_modules/typescript/lib/tsserver.js:114851:34)
    at IOSession.Session.getQuickInfoWorker (/snap/vscode/64/usr/share/code/resources/app/extensions/node_modules/typescript/lib/tsserver.js:122512:62)
    at Session.handlers.ts.createMapFromTemplate._a.(anonymous function) (/snap/vscode/64/usr/share/code/resources/app/extensions/node_modules/typescript/lib/tsserver.js:121617:61)
    at /snap/vscode/64/usr/share/code/resources/app/extensions/node_modules/typescript/lib/tsserver.js:123086:88
    at IOSession.Session.executeWithRequestId (/snap/vscode/64/usr/share/code/resources/app/extensions/node_modules/typescript/lib/tsserver.js:123077:28)
    at IOSession.Session.executeCommand (/snap/vscode/64/usr/share/code/resources/app/extensions/node_modules/typescript/lib/tsserver.js:123086:33)
    at IOSession.Session.onMessage (/snap/vscode/64/usr/share/code/resources/app/extensions/node_modules/typescript/lib/tsserver.js:123106:35)
    at Interface.<anonymous> (/snap/vscode/64/usr/share/code/resources/app/extensions/node_modules/typescript/lib/tsserver.js:124369:27)
    at emitOne (events.js:116:13)
    at Interface.emit (events.js:211:7)
    at Interface._onLine (readline.js:282:10)
    at Interface._normalWrite (readline.js:424:12)
    at Socket.ondata (readline.js:141:10)
    at emitOne (events.js:116:13)
    at Socket.emit (events.js:211:7)
    at addChunk (_stream_readable.js:263:12)
    at readableAddChunk (_stream_readable.js:250:11)
    at Socket.Readable.push (_stream_readable.js:208:10)
    at Pipe.onread (net.js:594:20)
[Info  - 4:42:49 PM] TSServer exited
